
> playground-next@0.1.0 build /Users/trentbrew/TURTLE/Projects/Sandbox/fractal-playground/playground-next
> next build

▲ Next.js 16.2.9 (Turbopack)

  Creating an optimized production build ...
✓ Compiled successfully in 6.8s
  Running TypeScript ...
  Finished TypeScript in 5.0s ...
  Collecting page data using 9 workers ...
  Generating static pages using 9 workers (0/22) ...
  Generating static pages using 9 workers (5/22) 
  Generating static pages using 9 workers (10/22) 
  Generating static pages using 9 workers (16/22) 
✓ Generating static pages using 9 workers (22/22) in 393ms
  Finalizing page optimization ...

Route (app)
┌ ○ /
├ ○ /_not-found
├ ○ /calendar
├ ƒ /collection
├ ○ /collections
├ ƒ /collections/[slug]
├ ○ /gantt
├ ○ /graph
├ ○ /grid
├ ○ /issues
├ ○ /kanban
├ ○ /planets
├ ○ /projections
├ ○ /projections/calendar
├ ○ /projections/gantt
├ ○ /projections/kanban
├ ○ /projections/list
├ ○ /projections/table
├ ○ /realtime
├ ○ /table
└ ○ /todos


○  (Static)   prerendered as static content
ƒ  (Dynamic)  server-rendered on demand

EXIT:0
