Smoke deploy: name=fractals-demo-0610 stub=false
Trellis source: /Users/trentbrew/TURTLE/Projects/TRELLIS/trellis-node
Deploying to Sprites: fractals-demo-0610...
  Checking Sprites CLI...
  Writing server entrypoint...
  Bundling server with Bun...
  Ensuring Sprite: fractals-demo-0610...
  Configuring public URL...
  Uploading to Sprite: fractals-demo-0610...
  Ensuring Bun is installed...
  Starting server (sprite-env service)...
  Waiting for health check...
  Writing .trellis-db.json...

✓ TurtleDB room deployed
  Name:     fractals-demo-0610
  URL:      https://fractals-demo-0610-bnsoz.sprites.app
  API key:  spk_Bl-dlIbuL_R7ON67LQD6KD99BUz4dvhC
  Config:   /Users/trentbrew/TURTLE/Projects/Sandbox/fractal-playground/playground-next/.trellis-db.json

  Health:   curl https://fractals-demo-0610-bnsoz.sprites.app/health

SDK:
  import { TrellisDb } from 'trellis/client';
  const db = new TrellisDb({ url: 'https://fractals-demo-0610-bnsoz.sprites.app', apiKey: 'spk_Bl-dlIbuL_R7ON67LQD6KD99BUz4dvhC' });
Config written: {
  url: 'https://fractals-demo-0610-bnsoz.sprites.app',
  spriteName: 'fractals-demo-0610'
}
Health 200: {"status":"ok","ops":50,"tenants":1}
Smoke deploy OK
exit:0
