
> trellis@3.2.3 build /Users/trentbrew/TURTLE/Projects/TRELLIS/trellis-node
> esbuild src/index.ts src/browser/index.ts src/core/index.ts src/vcs/index.ts src/sync/index.ts src/realtime/index.ts src/embeddings/index.ts src/links/index.ts src/decisions/index.ts src/server/index.ts src/server/deploy.ts src/client/index.ts src/client/index.browser.ts src/client/sdk.ts src/client/sdk.browser.ts src/schema/index.ts src/react/index.ts src/react/realtime.ts src/react/schema-hooks.ts src/vue/index.ts src/vue/schema-hooks.ts src/svelte/index.ts src/svelte/schema-hooks.ts src/db/index.ts src/cli/index.ts src/cli/deploy-cli.ts src/cms/index.ts src/core/persist/sqljs-backend.ts src/core/persist/factory.ts src/server/node-adapter.ts src/plugins/plan-approval/index.ts src/plugins/proactive-watcher/index.ts src/plugins/idea-garden/index.ts src/plugins/agent-memory/index.ts --bundle --outdir=dist --outbase=src --format=esm --splitting --platform=node --external:@xenova/transformers --external:@huggingface/transformers --external:react --external:vue --external:sql.js --external:ws --external:better-sqlite3 --external:bun:sqlite --external:commander --external:chalk --external:@inquirer/prompts --external:zod && npm run build:realtime-bundle && mkdir -p dist/ui && cp src/ui/client.html dist/ui/client.html && tsc -p tsconfig.build.json --emitDeclarationOnly --noEmit false --noEmitOnError false && npm run build:inspector


  dist/chunk-L5N5PR2S.js               235.0kb
  dist/cli/index.js                    200.0kb
  dist/chunk-VBYUTRXX.js                67.3kb
  dist/chunk-PIYBGAGL.js                40.8kb
  dist/chunk-S3XLFZ27.js                31.4kb
  dist/chunk-PJMAGVTS.js                25.3kb
  dist/chunk-KQ4A2D2P.js                24.8kb
  dist/chunk-RSWUFTO2.js                23.7kb
  dist/chunk-VDAKEOML.js                23.0kb
  dist/chunk-YCM7ZYEZ.js                22.7kb
  dist/core/index.js                    21.1kb
  dist/plugins/plan-approval/index.js   20.2kb
  dist/cms/index.js                     19.0kb
  dist/sync/index.js                    16.4kb
  dist/chunk-X5FLTRUB.js                14.6kb
  dist/chunk-7DUMWO5L.js                12.7kb
  dist/chunk-6RWGFC3N.js                12.4kb
  dist/chunk-4XIVMVHC.js                11.6kb
  dist/chunk-SPSPV5BC.js                11.3kb
  dist/chunk-6GEZ6DN5.js                11.2kb
  ...and 71 more output files...

⚡ Done in 50ms
npm warn Unknown env config "verify-deps-before-run". This will stop working in the next major version of npm.
npm warn Unknown env config "scripts-prepend-node-path". This will stop working in the next major version of npm.
npm warn Unknown env config "store-dir". This will stop working in the next major version of npm.
npm warn Unknown env config "unsafe-perm". This will stop working in the next major version of npm.

> trellis@3.2.3 build:realtime-bundle
> esbuild src/realtime/index.ts --bundle --format=esm --platform=browser --outfile=dist/realtime.bundle.js && esbuild src/realtime/relay-persistence.ts --bundle --format=esm --platform=node --outfile=dist/realtime/relay-persistence.js


  dist/realtime.bundle.js  28.8kb

⚡ Done in 5ms

  dist/realtime/relay-persistence.js  2.9kb

⚡ Done in 2ms
npm warn Unknown env config "verify-deps-before-run". This will stop working in the next major version of npm.
npm warn Unknown env config "scripts-prepend-node-path". This will stop working in the next major version of npm.
npm warn Unknown env config "store-dir". This will stop working in the next major version of npm.
npm warn Unknown env config "unsafe-perm". This will stop working in the next major version of npm.

> trellis@3.2.3 build:inspector
> vite build --config vite.inspector.config.ts

vite v6.4.3 building for production...
transforming...
✓ 10 modules transformed.
rendering chunks...
computing gzip size...
dist/db/inspector.js  85.84 kB │ gzip: 32.62 kB
✓ built in 457ms
