[     697ms] [INFO] %cDownload the React DevTools for a better development experience: https://react.dev/link/react-devtools font-weight:bold @ http://localhost:3000/_next/static/chunks/0jos_next_dist_1trnntf._.js:2477
[     770ms] [LOG] [HMR] connected @ http://localhost:3000/_next/static/chunks/0jos_next_dist_1trnntf._.js:2477
[     901ms] [ERROR] Failed to load resource: the server responded with a status of 404 (Not Found) @ http://localhost:3000/api/trellis/ontologies:0
[     910ms] [ERROR] Failed to load resource: the server responded with a status of 404 (Not Found) @ http://localhost:3000/api/trellis/ontologies:0
[     917ms] [ERROR] Failed to load resource: the server responded with a status of 404 (Not Found) @ http://localhost:3000/api/trellis/ontologies:0
[     923ms] [ERROR] Failed to load resource: the server responded with a status of 404 (Not Found) @ http://localhost:3000/api/trellis/ontologies:0
[     929ms] [ERROR] Failed to load resource: the server responded with a status of 404 (Not Found) @ http://localhost:3000/api/trellis/ontologies:0
[     936ms] [ERROR] Failed to load resource: the server responded with a status of 404 (Not Found) @ http://localhost:3000/api/trellis/ontologies:0
[   58772ms] [INFO] %cDownload the React DevTools for a better development experience: https://react.dev/link/react-devtools font-weight:bold @ http://localhost:3000/_next/static/chunks/0jos_next_dist_1trnntf._.js:2477
[   58787ms] [LOG] [HMR] connected @ http://localhost:3000/_next/static/chunks/0jos_next_dist_1trnntf._.js:2477
[   58888ms] [ERROR] Failed to load resource: the server responded with a status of 404 (Not Found) @ http://localhost:3000/api/trellis/ontologies:0
[   58898ms] [ERROR] Failed to load resource: the server responded with a status of 404 (Not Found) @ http://localhost:3000/api/trellis/ontologies:0
[   58905ms] [ERROR] Failed to load resource: the server responded with a status of 404 (Not Found) @ http://localhost:3000/api/trellis/ontologies:0
[   58913ms] [ERROR] Failed to load resource: the server responded with a status of 404 (Not Found) @ http://localhost:3000/api/trellis/ontologies:0
[   58918ms] [ERROR] Failed to load resource: the server responded with a status of 404 (Not Found) @ http://localhost:3000/api/trellis/ontologies:0
[   58924ms] [ERROR] Failed to load resource: the server responded with a status of 404 (Not Found) @ http://localhost:3000/api/trellis/ontologies:0
[   58940ms] [LOG] [Fast Refresh] rebuilding @ http://localhost:3000/_next/static/chunks/0jos_next_dist_1trnntf._.js:2477
[   59036ms] [LOG] [Fast Refresh] done in 196ms @ http://localhost:3000/_next/static/chunks/0jos_next_dist_1trnntf._.js:2477
[   60888ms] [ERROR] Failed to load resource: the server responded with a status of 404 (Not Found) @ http://localhost:3000/api/trellis/ontologies:0
[   60900ms] [ERROR] Failed to load resource: the server responded with a status of 404 (Not Found) @ http://localhost:3000/api/trellis/ontologies:0
[   60900ms] [ERROR] Failed to load resource: the server responded with a status of 404 (Not Found) @ http://localhost:3000/api/trellis/ontologies:0
[   60900ms] [ERROR] Failed to load resource: the server responded with a status of 404 (Not Found) @ http://localhost:3000/api/trellis/ontologies:0
[   62446ms] [ERROR] Failed to load resource: the server responded with a status of 404 (Not Found) @ http://localhost:3000/api/trellis/ontologies:0
[   62459ms] [ERROR] Failed to load resource: the server responded with a status of 404 (Not Found) @ http://localhost:3000/api/trellis/ontologies:0
[   62461ms] [ERROR] Failed to load resource: the server responded with a status of 404 (Not Found) @ http://localhost:3000/api/trellis/ontologies:0
[   62461ms] [ERROR] Failed to load resource: the server responded with a status of 404 (Not Found) @ http://localhost:3000/api/trellis/ontologies:0
[   63499ms] [ERROR] Failed to load resource: the server responded with a status of 404 (Not Found) @ http://localhost:3000/api/trellis/ontologies:0
[   63508ms] [ERROR] Failed to load resource: the server responded with a status of 404 (Not Found) @ http://localhost:3000/api/trellis/ontologies:0
[   63508ms] [ERROR] Failed to load resource: the server responded with a status of 404 (Not Found) @ http://localhost:3000/api/trellis/ontologies:0
[   63508ms] [ERROR] Failed to load resource: the server responded with a status of 404 (Not Found) @ http://localhost:3000/api/trellis/ontologies:0
[   64550ms] [ERROR] Failed to load resource: the server responded with a status of 404 (Not Found) @ http://localhost:3000/api/trellis/ontologies:0
[   64551ms] [ERROR] Failed to load resource: the server responded with a status of 404 (Not Found) @ http://localhost:3000/api/trellis/ontologies:0
[   64551ms] [ERROR] Failed to load resource: the server responded with a status of 404 (Not Found) @ http://localhost:3000/api/trellis/ontologies:0
[   64564ms] [ERROR] Failed to load resource: the server responded with a status of 404 (Not Found) @ http://localhost:3000/api/trellis/ontologies:0
